Determining if the pthread_create exist failed with the following output:
Change Dir: /root/Edge_Adapter/build/CMakeFiles/CMakeTmp

Run Build Command:"/usr/bin/make" "cmTC_90aac/fast"
/usr/bin/make -f CMakeFiles/cmTC_90aac.dir/build.make CMakeFiles/cmTC_90aac.dir/build
make[1]: Entering directory '/root/Edge_Adapter/build/CMakeFiles/CMakeTmp'
Building C object CMakeFiles/cmTC_90aac.dir/CheckSymbolExists.c.o
/usr/bin/cc    -o CMakeFiles/cmTC_90aac.dir/CheckSymbolExists.c.o   -c /root/Edge_Adapter/build/CMakeFiles/CMakeTmp/CheckSymbolExists.c
Linking C executable cmTC_90aac
/usr/bin/cmake -E cmake_link_script CMakeFiles/cmTC_90aac.dir/link.txt --verbose=1
/usr/bin/cc      -rdynamic CMakeFiles/cmTC_90aac.dir/CheckSymbolExists.c.o  -o cmTC_90aac 
CMakeFiles/cmTC_90aac.dir/CheckSymbolExists.c.o: In function `main':
CheckSymbolExists.c:(.text+0x1b): undefined reference to `pthread_create'
collect2: error: ld returned 1 exit status
CMakeFiles/cmTC_90aac.dir/build.make:97: recipe for target 'cmTC_90aac' failed
make[1]: *** [cmTC_90aac] Error 1
make[1]: Leaving directory '/root/Edge_Adapter/build/CMakeFiles/CMakeTmp'
Makefile:126: recipe for target 'cmTC_90aac/fast' failed
make: *** [cmTC_90aac/fast] Error 2

File /root/Edge_Adapter/build/CMakeFiles/CMakeTmp/CheckSymbolExists.c:
/* */
#include <pthread.h>

int main(int argc, char** argv)
{
  (void)argv;
#ifndef pthread_create
  return ((int*)(&pthread_create))[argc];
#else
  (void)argc;
  return 0;
#endif
}

Determining if the function pthread_create exists in the pthreads failed with the following output:
Change Dir: /root/Edge_Adapter/build/CMakeFiles/CMakeTmp

Run Build Command:"/usr/bin/make" "cmTC_9fdba/fast"
/usr/bin/make -f CMakeFiles/cmTC_9fdba.dir/build.make CMakeFiles/cmTC_9fdba.dir/build
make[1]: Entering directory '/root/Edge_Adapter/build/CMakeFiles/CMakeTmp'
Building C object CMakeFiles/cmTC_9fdba.dir/CheckFunctionExists.c.o
/usr/bin/cc   -DCHECK_FUNCTION_EXISTS=pthread_create   -o CMakeFiles/cmTC_9fdba.dir/CheckFunctionExists.c.o   -c /usr/share/cmake-3.10/Modules/CheckFunctionExists.c
Linking C executable cmTC_9fdba
/usr/bin/cmake -E cmake_link_script CMakeFiles/cmTC_9fdba.dir/link.txt --verbose=1
/usr/bin/cc  -DCHECK_FUNCTION_EXISTS=pthread_create    -rdynamic CMakeFiles/cmTC_9fdba.dir/CheckFunctionExists.c.o  -o cmTC_9fdba -lpthreads 
/usr/bin/ld: cannot find -lpthreads
collect2: error: ld returned 1 exit status
CMakeFiles/cmTC_9fdba.dir/build.make:97: recipe for target 'cmTC_9fdba' failed
make[1]: *** [cmTC_9fdba] Error 1
make[1]: Leaving directory '/root/Edge_Adapter/build/CMakeFiles/CMakeTmp'
Makefile:126: recipe for target 'cmTC_9fdba/fast' failed
make: *** [cmTC_9fdba/fast] Error 2


